Using pre-set license
Built from '2022.3/staging' branch; Version is '2022.3.11f1 (d00248457e15) revision 13632072'; Using compiler version '192829333'; Build Type 'Release'
OS: 'Windows 11  (10.0.22621) 64bit CoreSingleLanguage' Language: 'en' Physical Memory: 15711 MB
BatchMode: 1, IsHumanControllingUs: 0, StartBugReporterOnCrash: 0, Is64bit: 1, IsPro: 1

COMMAND LINE ARGUMENTS:
G:\UNITY ENGINE\2022.3.11f1\Editor\Unity.exe
-adb2
-batchMode
-noUpm
-name
AssetImportWorker3
-projectPath
G:/UNITY PROJECTS/Animal-Kingdom/AnimalKingdom
-logFile
Logs/AssetImportWorker3.log
-srvPort
51213
Successfully changed project path to: G:/UNITY PROJECTS/Animal-Kingdom/AnimalKingdom
G:/UNITY PROJECTS/Animal-Kingdom/AnimalKingdom
[UnityMemory] Configuration Parameters - Can be set up in boot.config
    "memorysetup-bucket-allocator-granularity=16"
    "memorysetup-bucket-allocator-bucket-count=8"
    "memorysetup-bucket-allocator-block-size=33554432"
    "memorysetup-bucket-allocator-block-count=8"
    "memorysetup-main-allocator-block-size=16777216"
    "memorysetup-thread-allocator-block-size=16777216"
    "memorysetup-gfx-main-allocator-block-size=16777216"
    "memorysetup-gfx-thread-allocator-block-size=16777216"
    "memorysetup-cache-allocator-block-size=4194304"
    "memorysetup-typetree-allocator-block-size=2097152"
    "memorysetup-profiler-bucket-allocator-granularity=16"
    "memorysetup-profiler-bucket-allocator-bucket-count=8"
    "memorysetup-profiler-bucket-allocator-block-size=33554432"
    "memorysetup-profiler-bucket-allocator-block-count=8"
    "memorysetup-profiler-allocator-block-size=16777216"
    "memorysetup-profiler-editor-allocator-block-size=1048576"
    "memorysetup-temp-allocator-size-main=16777216"
    "memorysetup-job-temp-allocator-block-size=2097152"
    "memorysetup-job-temp-allocator-block-size-background=1048576"
    "memorysetup-job-temp-allocator-reduction-small-platforms=262144"
    "memorysetup-allocator-temp-initial-block-size-main=262144"
    "memorysetup-allocator-temp-initial-block-size-worker=262144"
    "memorysetup-temp-allocator-size-background-worker=32768"
    "memorysetup-temp-allocator-size-job-worker=262144"
    "memorysetup-temp-allocator-size-preload-manager=33554432"
    "memorysetup-temp-allocator-size-nav-mesh-worker=65536"
    "memorysetup-temp-allocator-size-audio-worker=65536"
    "memorysetup-temp-allocator-size-cloud-worker=32768"
    "memorysetup-temp-allocator-size-gi-baking-worker=262144"
    "memorysetup-temp-allocator-size-gfx=262144"
Player connection [19896] Host "[IP] 192.168.1.5 [Port] 0 [Flags] 2 [Guid] 2831468935 [EditorId] 2831468935 [Version] 1048832 [Id] WindowsEditor(7,DREAMX) [Debug] 1 [PackageName] WindowsEditor [ProjectName] Editor" joined multi-casting on [225.0.0.222:54997]...

Player connection [19896] Host "[IP] 192.168.1.5 [Port] 0 [Flags] 2 [Guid] 2831468935 [EditorId] 2831468935 [Version] 1048832 [Id] WindowsEditor(7,DREAMX) [Debug] 1 [PackageName] WindowsEditor [ProjectName] Editor" joined alternative multi-casting on [225.0.0.222:34997]...

[Physics::Module] Initialized MultithreadedJobDispatcher with 11 workers.
Refreshing native plugins compatible for Editor in 19.78 ms, found 3 plugins.
Preloading 0 native plugins for Editor in 0.00 ms.
Initialize engine version: 2022.3.11f1 (d00248457e15)
[Subsystems] Discovering subsystems at path G:/UNITY ENGINE/2022.3.11f1/Editor/Data/Resources/UnitySubsystems
[Subsystems] Discovering subsystems at path G:/UNITY PROJECTS/Animal-Kingdom/AnimalKingdom/Assets
GfxDevice: creating device client; threaded=0; jobified=0
Direct3D:
    Version:  Direct3D 11.0 [level 11.1]
    Renderer: AMD Radeon(TM) Graphics (ID=0x1638)
    Vendor:   ATI
    VRAM:     7855 MB
    Driver:   31.0.12002.7004
Initialize mono
Mono path[0] = 'G:/UNITY ENGINE/2022.3.11f1/Editor/Data/Managed'
Mono path[1] = 'G:/UNITY ENGINE/2022.3.11f1/Editor/Data/MonoBleedingEdge/lib/mono/unityjit-win32'
Mono config path = 'G:/UNITY ENGINE/2022.3.11f1/Editor/Data/MonoBleedingEdge/etc'
Using monoOptions --debugger-agent=transport=dt_socket,embedding=1,server=y,suspend=n,address=127.0.0.1:56360
Begin MonoManager ReloadAssembly
Registering precompiled unity dll's ...
Register platform support module: G:/UNITY ENGINE/2022.3.11f1/Editor/Data/PlaybackEngines/WebGLSupport/UnityEditor.WebGL.Extensions.dll
Register platform support module: G:/UNITY ENGINE/2022.3.11f1/Editor/Data/PlaybackEngines/AndroidPlayer/UnityEditor.Android.Extensions.dll
Register platform support module: G:/UNITY ENGINE/2022.3.11f1/Editor/Data/PlaybackEngines/iOSSupport/UnityEditor.iOS.Extensions.dll
Register platform support module: G:/UNITY ENGINE/2022.3.11f1/Editor/Data/PlaybackEngines/WindowsStandaloneSupport/UnityEditor.WindowsStandalone.Extensions.dll
Registered in 0.009107 seconds.
- Loaded All Assemblies, in  0.698 seconds
Native extension for WindowsStandalone target not found
[usbmuxd] Start listen thread
[usbmuxd] Listen thread started
Native extension for iOS target not found
Native extension for Android target not found
Android Extension - Scanning For ADB Devices 503 ms
Native extension for WebGL target not found
Mono: successfully reloaded assembly
- Finished resetting the current domain, in  1.195 seconds
Domain Reload Profiling: 1893ms
	BeginReloadAssembly (238ms)
		ExecutionOrderSort (0ms)
		DisableScriptedObjects (0ms)
		BackupInstance (0ms)
		ReleaseScriptingObjects (0ms)
		CreateAndSetChildDomain (2ms)
	RebuildCommonClasses (67ms)
	RebuildNativeTypeToScriptingClass (19ms)
	initialDomainReloadingComplete (100ms)
	LoadAllAssembliesAndSetupDomain (274ms)
		LoadAssemblies (238ms)
		RebuildTransferFunctionScriptingTraits (0ms)
		AnalyzeDomain (269ms)
			TypeCache.Refresh (267ms)
				TypeCache.ScanAssembly (242ms)
			ScanForSourceGeneratedMonoScriptInfo (1ms)
			ResolveRequiredComponents (1ms)
	FinalizeReload (1196ms)
		ReleaseScriptCaches (0ms)
		RebuildScriptCaches (0ms)
		SetupLoadedEditorAssemblies (1077ms)
			LogAssemblyErrors (0ms)
			InitializePlatformSupportModulesInManaged (741ms)
			SetLoadedEditorAssemblies (6ms)
			RefreshPlugins (0ms)
			BeforeProcessingInitializeOnLoad (4ms)
			ProcessInitializeOnLoadAttributes (224ms)
			ProcessInitializeOnLoadMethodAttributes (102ms)
			AfterProcessingInitializeOnLoad (0ms)
			EditorAssembliesLoaded (0ms)
		ExecutionOrderSort2 (0ms)
		AwakeInstancesAfterBackupRestoration (0ms)
========================================================================
Worker process is ready to serve import requests
Begin MonoManager ReloadAssembly
Symbol file LoadedFromMemory is not a mono symbol file
- Loaded All Assemblies, in  1.450 seconds
Refreshing native plugins compatible for Editor in 8.50 ms, found 3 plugins.
Native extension for WindowsStandalone target not found
Native extension for iOS target not found
Native extension for Android target not found
Native extension for WebGL target not found
Package Manager log level set to [2]
[Package Manager] Server::EnsureServerProcessIsRunning -- launch failed, reason: Unity was launched with the -noUpm command-line argument
[Package Manager] UpmClient::Send -- Unable to send message (not connected to UPM process).
[Package Manager] Cannot connect to Unity Package Manager local server
Mono: successfully reloaded assembly
- Finished resetting the current domain, in  1.907 seconds
Domain Reload Profiling: 3357ms
	BeginReloadAssembly (276ms)
		ExecutionOrderSort (0ms)
		DisableScriptedObjects (12ms)
		BackupInstance (0ms)
		ReleaseScriptingObjects (0ms)
		CreateAndSetChildDomain (38ms)
	RebuildCommonClasses (67ms)
	RebuildNativeTypeToScriptingClass (23ms)
	initialDomainReloadingComplete (87ms)
	LoadAllAssembliesAndSetupDomain (995ms)
		LoadAssemblies (630ms)
		RebuildTransferFunctionScriptingTraits (0ms)
		AnalyzeDomain (529ms)
			TypeCache.Refresh (462ms)
				TypeCache.ScanAssembly (414ms)
			ScanForSourceGeneratedMonoScriptInfo (54ms)
			ResolveRequiredComponents (11ms)
	FinalizeReload (1908ms)
		ReleaseScriptCaches (0ms)
		RebuildScriptCaches (0ms)
		SetupLoadedEditorAssemblies (1504ms)
			LogAssemblyErrors (0ms)
			InitializePlatformSupportModulesInManaged (71ms)
			SetLoadedEditorAssemblies (8ms)
			RefreshPlugins (0ms)
			BeforeProcessingInitializeOnLoad (162ms)
			ProcessInitializeOnLoadAttributes (1189ms)
			ProcessInitializeOnLoadMethodAttributes (70ms)
			AfterProcessingInitializeOnLoad (4ms)
			EditorAssembliesLoaded (0ms)
		ExecutionOrderSort2 (0ms)
		AwakeInstancesAfterBackupRestoration (15ms)
Launched and connected shader compiler UnityShaderCompiler.exe after 0.10 seconds
Refreshing native plugins compatible for Editor in 6.36 ms, found 3 plugins.
Preloading 0 native plugins for Editor in 0.00 ms.
Unloading 5182 Unused Serialized files (Serialized files now loaded: 0)
Unloading 160 unused Assets / (8.4 MB). Loaded Objects now: 5593.
Memory consumption went from 301.2 MB to 292.8 MB.
Total: 11.315300 ms (FindLiveObjects: 0.640000 ms CreateObjectMapping: 0.359200 ms MarkObjects: 6.491300 ms  DeleteObjects: 3.823100 ms)

AssetImportParameters requested are different than current active one (requested -> active):
  custom:container-demuxer-ogg: 62fdf1f143b41e24485cea50d1cbac27 -> 
  custom:video-decoder-ogg-theora: a1e56fd34408186e4bbccfd4996cb3dc -> 
  custom:framework-win-MediaFoundation: 216162199b28c13a410421893ffa2e32 -> 
  custom:CustomObjectIndexerAttribute: 756ad292c208cfabdd7b50bc23989ffe -> 
  custom:container-demuxer-webm: 4f35f7cbe854078d1ac9338744f61a02 -> 
  custom:container-muxer-webm: aa71ff27fc2769a1b78a27578f13a17b -> 
  custom:video-decoder-webm-vp8: 9c59270c3fd7afecdb556c50c9e8de78 -> 
  custom:SearchIndexIgnoredProperties: e643bd26f0fe6173181afceb89e7c659 -> 
  custom:AudioImporter_EditorPlatform: d09bf68614088b80899f8185d706f6e7 -> 
  custom:video-encoder-webm-vp8: eb34c28f22e8b96e1ab97ce403110664 -> 
  custom:audio-decoder-ogg-vorbis: bf7c407c2cedff20999df2af8eb42d56 -> 
  custom:audio-encoder-webm-vorbis: bf7c407c2cedff20999df2af8eb42d56 -> 
========================================================================
Received Import Request.
  Time since last request: 23728.802723 seconds.
  path: Assets/Scenes/Training Ground/home/privacy-fence-pack-with-damaged-sections/source/PrivacyFencePack/Example_Texture_1_Diffuse.png
  artifactKey: Guid(481e26f8f3ae0bc4fa8ef4dfb586dd5f) Importer(815301076,1909f56bfc062723c751e8b465ee728b)
Start importing Assets/Scenes/Training Ground/home/privacy-fence-pack-with-damaged-sections/source/PrivacyFencePack/Example_Texture_1_Diffuse.png using Guid(481e26f8f3ae0bc4fa8ef4dfb586dd5f) Importer(815301076,1909f56bfc062723c751e8b465ee728b)  -> (artifact id: '3de968c23068f17df1fed5eff0c110ad') in 0.141976 seconds
Number of updated asset objects reloaded before import = 0
Number of asset objects unloaded after import = 2
========================================================================
Received Import Request.
  Time since last request: 0.000048 seconds.
  path: Assets/Scenes/Training Ground/home/privacy-fence-pack-with-damaged-sections/source/PrivacyFencePack/Fence_11_DE_Fence_11_DE_map_Normal.png
  artifactKey: Guid(665cf529fb0ba814cb3de3b3d6ed95da) Importer(815301076,1909f56bfc062723c751e8b465ee728b)
Start importing Assets/Scenes/Training Ground/home/privacy-fence-pack-with-damaged-sections/source/PrivacyFencePack/Fence_11_DE_Fence_11_DE_map_Normal.png using Guid(665cf529fb0ba814cb3de3b3d6ed95da) Importer(815301076,1909f56bfc062723c751e8b465ee728b)  -> (artifact id: 'c6f55c218d5cde38476ae6846e5de77a') in 0.028195 seconds
Number of updated asset objects reloaded before import = 0
Number of asset objects unloaded after import = 2
========================================================================
Received Import Request.
  Time since last request: 0.000047 seconds.
  path: Assets/Scenes/Training Ground/home/privacy-fence-pack-with-damaged-sections/source/PrivacyFencePack/Fence_6_DE_Fence_6_DE_map_Emissive.png
  artifactKey: Guid(c954ff442f4a94b46a612564352638e8) Importer(815301076,1909f56bfc062723c751e8b465ee728b)
Start importing Assets/Scenes/Training Ground/home/privacy-fence-pack-with-damaged-sections/source/PrivacyFencePack/Fence_6_DE_Fence_6_DE_map_Emissive.png using Guid(c954ff442f4a94b46a612564352638e8) Importer(815301076,1909f56bfc062723c751e8b465ee728b)  -> (artifact id: '8560b3f6342a823bae10eae67908f40e') in 0.013977 seconds
Number of updated asset objects reloaded before import = 0
Number of asset objects unloaded after import = 2
========================================================================
Received Import Request.
  Time since last request: 0.000108 seconds.
  path: Assets/Scenes/Training Ground/home/privacy-fence-pack-with-damaged-sections/source/PrivacyFencePack/Fence_6_DE_Fence_6_DE_map_OcclusionRoughMet.png
  artifactKey: Guid(8c1656aca57238e4b8f8d696a0755e37) Importer(815301076,1909f56bfc062723c751e8b465ee728b)
Start importing Assets/Scenes/Training Ground/home/privacy-fence-pack-with-damaged-sections/source/PrivacyFencePack/Fence_6_DE_Fence_6_DE_map_OcclusionRoughMet.png using Guid(8c1656aca57238e4b8f8d696a0755e37) Importer(815301076,1909f56bfc062723c751e8b465ee728b)  -> (artifact id: '2b9671093593fc27749d68de185d4882') in 0.027214 seconds
Number of updated asset objects reloaded before import = 0
Number of asset objects unloaded after import = 2
========================================================================
Received Import Request.
  Time since last request: 0.000025 seconds.
  path: Assets/Scenes/Training Ground/home/privacy-fence-pack-with-damaged-sections/source/PrivacyFencePack/Example_Texture_4_OcclusionRoughMet.png
  artifactKey: Guid(3df36060fc2b0954b815382a81560ce8) Importer(815301076,1909f56bfc062723c751e8b465ee728b)
Start importing Assets/Scenes/Training Ground/home/privacy-fence-pack-with-damaged-sections/source/PrivacyFencePack/Example_Texture_4_OcclusionRoughMet.png using Guid(3df36060fc2b0954b815382a81560ce8) Importer(815301076,1909f56bfc062723c751e8b465ee728b)  -> (artifact id: 'f414e15eb12dfbf1b4a1f0d78a71c8a6') in 0.027409 seconds
Number of updated asset objects reloaded before import = 0
Number of asset objects unloaded after import = 2
========================================================================
Received Import Request.
  Time since last request: 0.000026 seconds.
  path: Assets/Scenes/Training Ground/home/privacy-fence-pack-with-damaged-sections/source/PrivacyFencePack/Example_Texture_2_Emissive.png
  artifactKey: Guid(a313815af5f81684983c2ba3fd48f70d) Importer(815301076,1909f56bfc062723c751e8b465ee728b)
Start importing Assets/Scenes/Training Ground/home/privacy-fence-pack-with-damaged-sections/source/PrivacyFencePack/Example_Texture_2_Emissive.png using Guid(a313815af5f81684983c2ba3fd48f70d) Importer(815301076,1909f56bfc062723c751e8b465ee728b)  -> (artifact id: 'e9aee445bf7af7cbd58f147edeeac348') in 0.012679 seconds
Number of updated asset objects reloaded before import = 0
Number of asset objects unloaded after import = 2
========================================================================
Received Import Request.
  Time since last request: 0.000032 seconds.
  path: Assets/Scenes/Training Ground/home/privacy-fence-pack-with-damaged-sections/source/PrivacyFencePack/Example_Texture_4_Normal.png
  artifactKey: Guid(60f191f1b06a63b41bb257dc8029fe46) Importer(815301076,1909f56bfc062723c751e8b465ee728b)
Start importing Assets/Scenes/Training Ground/home/privacy-fence-pack-with-damaged-sections/source/PrivacyFencePack/Example_Texture_4_Normal.png using Guid(60f191f1b06a63b41bb257dc8029fe46) Importer(815301076,1909f56bfc062723c751e8b465ee728b)  -> (artifact id: 'd1a307118a50403471889cd0fad0295f') in 0.031223 seconds
Number of updated asset objects reloaded before import = 0
Number of asset objects unloaded after import = 2
========================================================================
Received Import Request.
  Time since last request: 0.000030 seconds.
  path: Assets/Scenes/Training Ground/home/privacy-fence-pack-with-damaged-sections/source/PrivacyFencePack/Example_Texture_1_Emissive.png
  artifactKey: Guid(5083bb772be60244692976a006eb48ac) Importer(815301076,1909f56bfc062723c751e8b465ee728b)
Start importing Assets/Scenes/Training Ground/home/privacy-fence-pack-with-damaged-sections/source/PrivacyFencePack/Example_Texture_1_Emissive.png using Guid(5083bb772be60244692976a006eb48ac) Importer(815301076,1909f56bfc062723c751e8b465ee728b)  -> (artifact id: 'bc97997297ed2afe71f90ca5be8eddb0') in 0.014385 seconds
Number of updated asset objects reloaded before import = 0
Number of asset objects unloaded after import = 2
========================================================================
Received Import Request.
  Time since last request: 0.000028 seconds.
  path: Assets/Scenes/Training Ground/home/privacy-fence-pack-with-damaged-sections/source/PrivacyFencePack/Example_Texture_3_Emissive.png
  artifactKey: Guid(7fa2a4bd52e85524c8c763683a9dceb0) Importer(815301076,1909f56bfc062723c751e8b465ee728b)
Start importing Assets/Scenes/Training Ground/home/privacy-fence-pack-with-damaged-sections/source/PrivacyFencePack/Example_Texture_3_Emissive.png using Guid(7fa2a4bd52e85524c8c763683a9dceb0) Importer(815301076,1909f56bfc062723c751e8b465ee728b)  -> (artifact id: 'd779fdf1e852a27294e7ebe6b293706a') in 0.013458 seconds
Number of updated asset objects reloaded before import = 0
Number of asset objects unloaded after import = 2
========================================================================
Received Import Request.
  Time since last request: 0.000026 seconds.
  path: Assets/Scenes/Training Ground/home/privacy-fence-pack-with-damaged-sections/source/PrivacyFencePack/Fence_11_DE_Fence_11_DE_map_OcclusionRoughMet.png
  artifactKey: Guid(747947b892584584493f8238aa421caa) Importer(815301076,1909f56bfc062723c751e8b465ee728b)
Start importing Assets/Scenes/Training Ground/home/privacy-fence-pack-with-damaged-sections/source/PrivacyFencePack/Fence_11_DE_Fence_11_DE_map_OcclusionRoughMet.png using Guid(747947b892584584493f8238aa421caa) Importer(815301076,1909f56bfc062723c751e8b465ee728b)  -> (artifact id: '8a6eaee9bc9625fdcd0bebbe7a2cfd4a') in 0.027034 seconds
Number of updated asset objects reloaded before import = 0
Number of asset objects unloaded after import = 2
========================================================================
Received Import Request.
  Time since last request: 0.000030 seconds.
  path: Assets/Scenes/Training Ground/home/privacy-fence-pack-with-damaged-sections/source/PrivacyFencePack/Example_Texture_1_Normal.png
  artifactKey: Guid(64fa4878999b54a45ad307fac86f1755) Importer(815301076,1909f56bfc062723c751e8b465ee728b)
Start importing Assets/Scenes/Training Ground/home/privacy-fence-pack-with-damaged-sections/source/PrivacyFencePack/Example_Texture_1_Normal.png using Guid(64fa4878999b54a45ad307fac86f1755) Importer(815301076,1909f56bfc062723c751e8b465ee728b)  -> (artifact id: 'e6f6c4f360fbc7ecbbc6a775112d39df') in 0.027873 seconds
Number of updated asset objects reloaded before import = 0
Number of asset objects unloaded after import = 2
========================================================================
Received Import Request.
  Time since last request: 0.000033 seconds.
  path: Assets/Scenes/Training Ground/home/privacy-fence-pack-with-damaged-sections/source/PrivacyFencePack/ExampleGround_map.jpg
  artifactKey: Guid(33d4993e3b9072c42b18d5c4cb8a0f1d) Importer(815301076,1909f56bfc062723c751e8b465ee728b)
Start importing Assets/Scenes/Training Ground/home/privacy-fence-pack-with-damaged-sections/source/PrivacyFencePack/ExampleGround_map.jpg using Guid(33d4993e3b9072c42b18d5c4cb8a0f1d) Importer(815301076,1909f56bfc062723c751e8b465ee728b)  -> (artifact id: '0e2f0374f1c76a7d76ca7ffcd5bd3e9d') in 0.031539 seconds
Number of updated asset objects reloaded before import = 0
Number of asset objects unloaded after import = 2
========================================================================
Received Import Request.
  Time since last request: 0.000052 seconds.
  path: Assets/Scenes/Training Ground/home/privacy-fence-pack-with-damaged-sections/source/PrivacyFencePack/Fence_6_DE_Fence_6_DE_map_Diffuse.png
  artifactKey: Guid(df6b406f5891d07498a6ce65f9fe2543) Importer(815301076,1909f56bfc062723c751e8b465ee728b)
Start importing Assets/Scenes/Training Ground/home/privacy-fence-pack-with-damaged-sections/source/PrivacyFencePack/Fence_6_DE_Fence_6_DE_map_Diffuse.png using Guid(df6b406f5891d07498a6ce65f9fe2543) Importer(815301076,1909f56bfc062723c751e8b465ee728b)  -> (artifact id: '26566911a143e440feaca1c1ab415eb0') in 0.034209 seconds
Number of updated asset objects reloaded before import = 0
Number of asset objects unloaded after import = 2
========================================================================
Received Import Request.
  Time since last request: 0.000031 seconds.
  path: Assets/Scenes/Training Ground/home/privacy-fence-pack-with-damaged-sections/source/PrivacyFencePack/Fence_11_Door_Fence_11_Door_map_Emissive.png
  artifactKey: Guid(88d7a3bccd93cd248b90a965e3436020) Importer(815301076,1909f56bfc062723c751e8b465ee728b)
Start importing Assets/Scenes/Training Ground/home/privacy-fence-pack-with-damaged-sections/source/PrivacyFencePack/Fence_11_Door_Fence_11_Door_map_Emissive.png using Guid(88d7a3bccd93cd248b90a965e3436020) Importer(815301076,1909f56bfc062723c751e8b465ee728b)  -> (artifact id: '8af9d08b50323857e42a919c968f4bbe') in 0.014142 seconds
Number of updated asset objects reloaded before import = 0
Number of asset objects unloaded after import = 2
========================================================================
Received Import Request.
  Time since last request: 0.000115 seconds.
  path: Assets/Scenes/Training Ground/home/privacy-fence-pack-with-damaged-sections/source/PrivacyFencePack/Fence_11_DE_Fence_11_DE_map_Diffuse.png
  artifactKey: Guid(3977864f633289348a3381a9b3ddb368) Importer(815301076,1909f56bfc062723c751e8b465ee728b)
Start importing Assets/Scenes/Training Ground/home/privacy-fence-pack-with-damaged-sections/source/PrivacyFencePack/Fence_11_DE_Fence_11_DE_map_Diffuse.png using Guid(3977864f633289348a3381a9b3ddb368) Importer(815301076,1909f56bfc062723c751e8b465ee728b)  -> (artifact id: 'e1b743e077b23051b5330de2f96a0268') in 0.028629 seconds
Number of updated asset objects reloaded before import = 0
Number of asset objects unloaded after import = 2
========================================================================
Received Import Request.
  Time since last request: 0.000031 seconds.
  path: Assets/Scenes/Training Ground/home/privacy-fence-pack-with-damaged-sections/source/PrivacyFencePack/Fence_11_DE_Fence_11_DE_map_Emissive.png
  artifactKey: Guid(cd89edce7885cda46846e39dbda5d8c5) Importer(815301076,1909f56bfc062723c751e8b465ee728b)
Start importing Assets/Scenes/Training Ground/home/privacy-fence-pack-with-damaged-sections/source/PrivacyFencePack/Fence_11_DE_Fence_11_DE_map_Emissive.png using Guid(cd89edce7885cda46846e39dbda5d8c5) Importer(815301076,1909f56bfc062723c751e8b465ee728b)  -> (artifact id: '4da14cdccfe3e1000c54364409a82489') in 0.012804 seconds
Number of updated asset objects reloaded before import = 0
Number of asset objects unloaded after import = 2
========================================================================
Received Import Request.
  Time since last request: 0.000027 seconds.
  path: Assets/Scenes/Training Ground/home/privacy-fence-pack-with-damaged-sections/source/PrivacyFencePack/Fence_6_DE_Fence_6_DE_map_Normal.png
  artifactKey: Guid(aaa062f7379808b4896159a64cf9a649) Importer(815301076,1909f56bfc062723c751e8b465ee728b)
Start importing Assets/Scenes/Training Ground/home/privacy-fence-pack-with-damaged-sections/source/PrivacyFencePack/Fence_6_DE_Fence_6_DE_map_Normal.png using Guid(aaa062f7379808b4896159a64cf9a649) Importer(815301076,1909f56bfc062723c751e8b465ee728b)  -> (artifact id: 'b5031fa46b444d8a24f5101074380a2a') in 0.030628 seconds
Number of updated asset objects reloaded before import = 0
Number of asset objects unloaded after import = 2
========================================================================
Received Import Request.
  Time since last request: 2.423934 seconds.
  path: Assets/Scenes/Training Ground/home/privacy-fence-pack-with-damaged-sections/source/PrivacyFencePack/Fence_17_Broken_Small_Fence_17_Broken_Small_map_Diffuse.png
  artifactKey: Guid(4c3f5468b1e017b4f9a4bd5ba24cac95) Importer(815301076,1909f56bfc062723c751e8b465ee728b)
Start importing Assets/Scenes/Training Ground/home/privacy-fence-pack-with-damaged-sections/source/PrivacyFencePack/Fence_17_Broken_Small_Fence_17_Broken_Small_map_Diffuse.png using Guid(4c3f5468b1e017b4f9a4bd5ba24cac95) Importer(815301076,1909f56bfc062723c751e8b465ee728b)  -> (artifact id: '9c541310199f042d65b2bee747010111') in 0.032244 seconds
Number of updated asset objects reloaded before import = 0
Number of asset objects unloaded after import = 2
========================================================================
Received Import Request.
  Time since last request: 0.000031 seconds.
  path: Assets/Scenes/Training Ground/home/privacy-fence-pack-with-damaged-sections/source/PrivacyFencePack/Fence_17_Door_Fence_17_Door_map_Emissive.png
  artifactKey: Guid(9bb0e9c5d441e6844b0dabe6d5395cc4) Importer(815301076,1909f56bfc062723c751e8b465ee728b)
Start importing Assets/Scenes/Training Ground/home/privacy-fence-pack-with-damaged-sections/source/PrivacyFencePack/Fence_17_Door_Fence_17_Door_map_Emissive.png using Guid(9bb0e9c5d441e6844b0dabe6d5395cc4) Importer(815301076,1909f56bfc062723c751e8b465ee728b)  -> (artifact id: 'd0eb5f9531a6669cb448c2054db92c84') in 0.016375 seconds
Number of updated asset objects reloaded before import = 0
Number of asset objects unloaded after import = 2
========================================================================
Received Import Request.
  Time since last request: 0.000085 seconds.
  path: Assets/Scenes/Training Ground/home/privacy-fence-pack-with-damaged-sections/source/PrivacyFencePack/Fence_17_DE_Fence_17_DE_map_Diffuse.png
  artifactKey: Guid(72ba780e099e6ab44bb844bd4e90869c) Importer(815301076,1909f56bfc062723c751e8b465ee728b)
Start importing Assets/Scenes/Training Ground/home/privacy-fence-pack-with-damaged-sections/source/PrivacyFencePack/Fence_17_DE_Fence_17_DE_map_Diffuse.png using Guid(72ba780e099e6ab44bb844bd4e90869c) Importer(815301076,1909f56bfc062723c751e8b465ee728b)  -> (artifact id: 'f40a7839a9b216c50b9fc3bb570317b4') in 0.030167 seconds
Number of updated asset objects reloaded before import = 0
Number of asset objects unloaded after import = 2
========================================================================
Received Import Request.
  Time since last request: 0.000032 seconds.
  path: Assets/Scenes/Training Ground/home/privacy-fence-pack-with-damaged-sections/source/PrivacyFencePack/Fence_17_Door_Fence_17_Door_map_Diffuse.png
  artifactKey: Guid(c7abe5ca8564d3f4bbd64f33f9810841) Importer(815301076,1909f56bfc062723c751e8b465ee728b)
Start importing Assets/Scenes/Training Ground/home/privacy-fence-pack-with-damaged-sections/source/PrivacyFencePack/Fence_17_Door_Fence_17_Door_map_Diffuse.png using Guid(c7abe5ca8564d3f4bbd64f33f9810841) Importer(815301076,1909f56bfc062723c751e8b465ee728b)  -> (artifact id: 'bb63bfa868bbc181f9dab699898b2d39') in 0.027524 seconds
Number of updated asset objects reloaded before import = 0
Number of asset objects unloaded after import = 2
========================================================================
Received Import Request.
  Time since last request: 0.000067 seconds.
  path: Assets/Scenes/Training Ground/home/privacy-fence-pack-with-damaged-sections/source/PrivacyFencePack/Fence_17_DE_Fence_17_DE_map_Emissive.png
  artifactKey: Guid(16db63c0bce24cb4398c11ddf3bddd59) Importer(815301076,1909f56bfc062723c751e8b465ee728b)
Start importing Assets/Scenes/Training Ground/home/privacy-fence-pack-with-damaged-sections/source/PrivacyFencePack/Fence_17_DE_Fence_17_DE_map_Emissive.png using Guid(16db63c0bce24cb4398c11ddf3bddd59) Importer(815301076,1909f56bfc062723c751e8b465ee728b)  -> (artifact id: '88c0f3ee42ed9e9c29df9495b239951a') in 0.014274 seconds
Number of updated asset objects reloaded before import = 0
Number of asset objects unloaded after import = 2
========================================================================
Received Import Request.
  Time since last request: 0.000029 seconds.
  path: Assets/Scenes/Training Ground/home/privacy-fence-pack-with-damaged-sections/source/PrivacyFencePack/Fence_17_Broken_Small_Fence_17_Broken_Small_map_Normal.png
  artifactKey: Guid(47a79d3c650ca2d49895b5d4e76a4887) Importer(815301076,1909f56bfc062723c751e8b465ee728b)
Start importing Assets/Scenes/Training Ground/home/privacy-fence-pack-with-damaged-sections/source/PrivacyFencePack/Fence_17_Broken_Small_Fence_17_Broken_Small_map_Normal.png using Guid(47a79d3c650ca2d49895b5d4e76a4887) Importer(815301076,1909f56bfc062723c751e8b465ee728b)  -> (artifact id: 'd75357fbb2a92044cdf0a5d674a9c52e') in 0.024902 seconds
Number of updated asset objects reloaded before import = 0
Number of asset objects unloaded after import = 2
========================================================================
Received Import Request.
  Time since last request: 0.090291 seconds.
  path: Assets/Scenes/Training Ground/home/privacy-fence-pack-with-damaged-sections/source/PrivacyFencePack/Fence_17_Door_Fence_17_Door_map_OcclusionRoughMet.png
  artifactKey: Guid(2afcec7a95470d34fae633ac8ea961e3) Importer(815301076,1909f56bfc062723c751e8b465ee728b)
Start importing Assets/Scenes/Training Ground/home/privacy-fence-pack-with-damaged-sections/source/PrivacyFencePack/Fence_17_Door_Fence_17_Door_map_OcclusionRoughMet.png using Guid(2afcec7a95470d34fae633ac8ea961e3) Importer(815301076,1909f56bfc062723c751e8b465ee728b)  -> (artifact id: '2c582fd0a986aacbe3bdabab97aded2a') in 0.024758 seconds
Number of updated asset objects reloaded before import = 0
Number of asset objects unloaded after import = 2
========================================================================
Received Import Request.
  Time since last request: 0.000116 seconds.
  path: Assets/Scenes/Training Ground/home/privacy-fence-pack-with-damaged-sections/source/PrivacyFencePack/PrivacyFencePack.fbx
  artifactKey: Guid(7a2addcdde98cd3489c7b9e020dccb40) Importer(815301076,1909f56bfc062723c751e8b465ee728b)
Start importing Assets/Scenes/Training Ground/home/privacy-fence-pack-with-damaged-sections/source/PrivacyFencePack/PrivacyFencePack.fbx using Guid(7a2addcdde98cd3489c7b9e020dccb40) Importer(815301076,1909f56bfc062723c751e8b465ee728b)  -> (artifact id: 'e4a040dfe730dcb6b9ad05b8ebc4328a') in 0.520055 seconds
Number of updated asset objects reloaded before import = 0
Number of asset objects unloaded after import = 117
========================================================================
Received Import Request.
  Time since last request: 1064.193762 seconds.
  path: Assets/Scenes/Training Ground/kenney_city-kit-commercial/Models/OBJ format/wall_windowF.obj
  artifactKey: Guid(889dbcf46fe62c949b4da7849e43fce3) Importer(815301076,1909f56bfc062723c751e8b465ee728b)
Start importing Assets/Scenes/Training Ground/kenney_city-kit-commercial/Models/OBJ format/wall_windowF.obj using Guid(889dbcf46fe62c949b4da7849e43fce3) Importer(815301076,1909f56bfc062723c751e8b465ee728b)  -> (artifact id: '1f2959be3d6942d90f7912003c7a4f04') in 0.111986 seconds
Number of updated asset objects reloaded before import = 0
Number of asset objects unloaded after import = 12
========================================================================
Received Import Request.
  Time since last request: 0.000705 seconds.
  path: Assets/Scenes/Training Ground/kenney_city-kit-commercial/Models/OBJ format/skyscraperF.obj
  artifactKey: Guid(baa0d3596522a8a45ab4d05eecb1dc12) Importer(815301076,1909f56bfc062723c751e8b465ee728b)
Start importing Assets/Scenes/Training Ground/kenney_city-kit-commercial/Models/OBJ format/skyscraperF.obj using Guid(baa0d3596522a8a45ab4d05eecb1dc12) Importer(815301076,1909f56bfc062723c751e8b465ee728b)  -> (artifact id: 'ddf331a8c4dd042db9db8c4627067289') in 0.082159 seconds
Number of updated asset objects reloaded before import = 0
Number of asset objects unloaded after import = 13
========================================================================
Received Import Request.
  Time since last request: 0.000028 seconds.
  path: Assets/Scenes/Training Ground/kenney_city-kit-commercial/Models/OBJ format/wall_windowD.obj
  artifactKey: Guid(407c60e6dcc5e604eac5fdc521370152) Importer(815301076,1909f56bfc062723c751e8b465ee728b)
Start importing Assets/Scenes/Training Ground/kenney_city-kit-commercial/Models/OBJ format/wall_windowD.obj using Guid(407c60e6dcc5e604eac5fdc521370152) Importer(815301076,1909f56bfc062723c751e8b465ee728b)  -> (artifact id: '773fbfc20d43c0ebc5902b99033dd648') in 0.061735 seconds
Number of updated asset objects reloaded before import = 0
Number of asset objects unloaded after import = 12
========================================================================
Received Import Request.
  Time since last request: 0.000028 seconds.
  path: Assets/Scenes/Training Ground/kenney_city-kit-commercial/Models/OBJ format/wall_windowE.obj
  artifactKey: Guid(0b97bf31948f08e458dd6332127a7775) Importer(815301076,1909f56bfc062723c751e8b465ee728b)
Start importing Assets/Scenes/Training Ground/kenney_city-kit-commercial/Models/OBJ format/wall_windowE.obj using Guid(0b97bf31948f08e458dd6332127a7775) Importer(815301076,1909f56bfc062723c751e8b465ee728b)  -> (artifact id: 'de22f92f9a13d4084d4df12fa0ce7943') in 0.073102 seconds
Number of updated asset objects reloaded before import = 0
Number of asset objects unloaded after import = 13
========================================================================
Received Import Request.
  Time since last request: 0.000032 seconds.
  path: Assets/Scenes/Training Ground/kenney_city-kit-commercial/Models/OBJ format/skyscraperB.obj
  artifactKey: Guid(76e67f141b4eb3141aafd39525f43c0e) Importer(815301076,1909f56bfc062723c751e8b465ee728b)
Start importing Assets/Scenes/Training Ground/kenney_city-kit-commercial/Models/OBJ format/skyscraperB.obj using Guid(76e67f141b4eb3141aafd39525f43c0e) Importer(815301076,1909f56bfc062723c751e8b465ee728b)  -> (artifact id: 'c5ec9494960afae5d138a172151f073c') in 0.084761 seconds
Number of updated asset objects reloaded before import = 0
Number of asset objects unloaded after import = 14
========================================================================
Received Import Request.
  Time since last request: 1.863094 seconds.
  path: Assets/Scenes/Training Ground/kenney_city-kit-commercial/Models/OBJ format/skyscraperD.obj
  artifactKey: Guid(99c4ad399a6475340832c90a04d43caa) Importer(815301076,1909f56bfc062723c751e8b465ee728b)
Start importing Assets/Scenes/Training Ground/kenney_city-kit-commercial/Models/OBJ format/skyscraperD.obj using Guid(99c4ad399a6475340832c90a04d43caa) Importer(815301076,1909f56bfc062723c751e8b465ee728b)  -> (artifact id: '5da8af243f05f9a74552599f0ca45ae5') in 0.120346 seconds
Number of updated asset objects reloaded before import = 0
Number of asset objects unloaded after import = 15
========================================================================
Received Import Request.
  Time since last request: 0.000043 seconds.
  path: Assets/Scenes/Training Ground/kenney_city-kit-commercial/Models/OBJ format/small_buildingB.obj
  artifactKey: Guid(a1ae623f49ec4294ebd4a4f6d8a939e0) Importer(815301076,1909f56bfc062723c751e8b465ee728b)
Start importing Assets/Scenes/Training Ground/kenney_city-kit-commercial/Models/OBJ format/small_buildingB.obj using Guid(a1ae623f49ec4294ebd4a4f6d8a939e0) Importer(815301076,1909f56bfc062723c751e8b465ee728b)  -> (artifact id: '456b61fbcdcfec94da9a375d39365d01') in 0.075024 seconds
Number of updated asset objects reloaded before import = 0
Number of asset objects unloaded after import = 13
========================================================================
Received Import Request.
  Time since last request: 0.000035 seconds.
  path: Assets/Scenes/Training Ground/kenney_city-kit-commercial/Models/OBJ format/small_buildingE.obj
  artifactKey: Guid(3d94f6ed762d673438bd805c8f473db5) Importer(815301076,1909f56bfc062723c751e8b465ee728b)
Start importing Assets/Scenes/Training Ground/kenney_city-kit-commercial/Models/OBJ format/small_buildingE.obj using Guid(3d94f6ed762d673438bd805c8f473db5) Importer(815301076,1909f56bfc062723c751e8b465ee728b)  -> (artifact id: '699a2f1b0d477d089804ced72d25d9e6') in 0.076297 seconds
Number of updated asset objects reloaded before import = 0
Number of asset objects unloaded after import = 14
========================================================================
Received Import Request.
  Time since last request: 0.099884 seconds.
  path: Assets/Scenes/Training Ground/kenney_city-kit-commercial/Models/DAE format/small_buildingB.dae
  artifactKey: Guid(6edcfb83321767f4f93a61925f8e09d7) Importer(815301076,1909f56bfc062723c751e8b465ee728b)
Start importing Assets/Scenes/Training Ground/kenney_city-kit-commercial/Models/DAE format/small_buildingB.dae using Guid(6edcfb83321767f4f93a61925f8e09d7) Importer(815301076,1909f56bfc062723c751e8b465ee728b)  -> (artifact id: 'df626e2062b26976a1246f26ad8ab95c') in 0.072481 seconds
Number of updated asset objects reloaded before import = 0
Number of asset objects unloaded after import = 11
========================================================================
Received Import Request.
  Time since last request: 0.000032 seconds.
  path: Assets/Scenes/Training Ground/kenney_city-kit-commercial/Models/DAE format/small_buildingA.dae
  artifactKey: Guid(60ad2b05bee516540a5104079b0dbb75) Importer(815301076,1909f56bfc062723c751e8b465ee728b)
Start importing Assets/Scenes/Training Ground/kenney_city-kit-commercial/Models/DAE format/small_buildingA.dae using Guid(60ad2b05bee516540a5104079b0dbb75) Importer(815301076,1909f56bfc062723c751e8b465ee728b)  -> (artifact id: 'fde63bf26008b4e6df3699e5e9227b90') in 0.071601 seconds
Number of updated asset objects reloaded before import = 0
Number of asset objects unloaded after import = 11
========================================================================
Received Import Request.
  Time since last request: 0.000039 seconds.
  path: Assets/Scenes/Training Ground/kenney_city-kit-commercial/Models/DAE format/wall_windowE.dae
  artifactKey: Guid(006527107e378ca43a3051e0d2e32ae7) Importer(815301076,1909f56bfc062723c751e8b465ee728b)
Start importing Assets/Scenes/Training Ground/kenney_city-kit-commercial/Models/DAE format/wall_windowE.dae using Guid(006527107e378ca43a3051e0d2e32ae7) Importer(815301076,1909f56bfc062723c751e8b465ee728b)  -> (artifact id: '83d8e15671ca1ff63e2e8fc5d4c2c186') in 0.061805 seconds
Number of updated asset objects reloaded before import = 0
Number of asset objects unloaded after import = 11
========================================================================
Received Import Request.
  Time since last request: 0.000046 seconds.
  path: Assets/Scenes/Training Ground/kenney_city-kit-commercial/Models/DAE format/small_buildingE.dae
  artifactKey: Guid(a38498a4a92cb664b8d910e42be6098f) Importer(815301076,1909f56bfc062723c751e8b465ee728b)
Start importing Assets/Scenes/Training Ground/kenney_city-kit-commercial/Models/DAE format/small_buildingE.dae using Guid(a38498a4a92cb664b8d910e42be6098f) Importer(815301076,1909f56bfc062723c751e8b465ee728b)  -> (artifact id: 'f423309358bcb72949f754147860305a') in 0.076358 seconds
Number of updated asset objects reloaded before import = 0
Number of asset objects unloaded after import = 12
========================================================================
Received Import Request.
  Time since last request: 0.000025 seconds.
  path: Assets/Scenes/Training Ground/kenney_city-kit-commercial/Models/DAE format/wall_doorA.dae
  artifactKey: Guid(b7702432a76f3f4429168ea847ccfe50) Importer(815301076,1909f56bfc062723c751e8b465ee728b)
Start importing Assets/Scenes/Training Ground/kenney_city-kit-commercial/Models/DAE format/wall_doorA.dae using Guid(b7702432a76f3f4429168ea847ccfe50) Importer(815301076,1909f56bfc062723c751e8b465ee728b)  -> (artifact id: '247c74b4587e4aa7f3d1a880d001f4b2') in 0.064487 seconds
Number of updated asset objects reloaded before import = 0
Number of asset objects unloaded after import = 11
========================================================================
Received Import Request.
  Time since last request: 0.000029 seconds.
  path: Assets/Scenes/Training Ground/kenney_city-kit-commercial/Models/OBJ format/small_buildingD.obj
  artifactKey: Guid(215561cb0ebfca34dbed1503e5000dc6) Importer(815301076,1909f56bfc062723c751e8b465ee728b)
Start importing Assets/Scenes/Training Ground/kenney_city-kit-commercial/Models/OBJ format/small_buildingD.obj using Guid(215561cb0ebfca34dbed1503e5000dc6) Importer(815301076,1909f56bfc062723c751e8b465ee728b)  -> (artifact id: '94308595669378dd841e585eaabd2da3') in 0.083343 seconds
Number of updated asset objects reloaded before import = 0
Number of asset objects unloaded after import = 14
========================================================================
Received Import Request.
  Time since last request: 0.000032 seconds.
  path: Assets/Scenes/Training Ground/kenney_city-kit-commercial/Models/OBJ format/wall_doorA.obj
  artifactKey: Guid(a2a213328268c924890592e93be0f755) Importer(815301076,1909f56bfc062723c751e8b465ee728b)
Start importing Assets/Scenes/Training Ground/kenney_city-kit-commercial/Models/OBJ format/wall_doorA.obj using Guid(a2a213328268c924890592e93be0f755) Importer(815301076,1909f56bfc062723c751e8b465ee728b)  -> (artifact id: '7edde63430c23df33b2aad35b4f7140f') in 0.075923 seconds
Number of updated asset objects reloaded before import = 0
Number of asset objects unloaded after import = 13
========================================================================
Received Import Request.
  Time since last request: 0.000043 seconds.
  path: Assets/Scenes/Training Ground/kenney_city-kit-commercial/Models/OBJ format/low_wideA.obj
  artifactKey: Guid(2be0cebe9fc30b24cbe16f57bf9564dd) Importer(815301076,1909f56bfc062723c751e8b465ee728b)
Start importing Assets/Scenes/Training Ground/kenney_city-kit-commercial/Models/OBJ format/low_wideA.obj using Guid(2be0cebe9fc30b24cbe16f57bf9564dd) Importer(815301076,1909f56bfc062723c751e8b465ee728b)  -> (artifact id: '13499e0a5e5fd088d01158b49187ad13') in 0.056580 seconds
Number of updated asset objects reloaded before import = 0
Number of asset objects unloaded after import = 11
========================================================================
Received Import Request.
  Time since last request: 0.000029 seconds.
  path: Assets/Scenes/Training Ground/kenney_city-kit-commercial/Models/DAE format/skyscraperF.dae
  artifactKey: Guid(bd6cdbc586240f54092b9fcfd082ac9f) Importer(815301076,1909f56bfc062723c751e8b465ee728b)
Start importing Assets/Scenes/Training Ground/kenney_city-kit-commercial/Models/DAE format/skyscraperF.dae using Guid(bd6cdbc586240f54092b9fcfd082ac9f) Importer(815301076,1909f56bfc062723c751e8b465ee728b)  -> (artifact id: '92cb3820e471b4589ff009bc3b6bb615') in 0.064733 seconds
Number of updated asset objects reloaded before import = 0
Number of asset objects unloaded after import = 11
========================================================================
Received Import Request.
  Time since last request: 0.000027 seconds.
  path: Assets/Scenes/Training Ground/kenney_city-kit-commercial/Models/OBJ format/wall_doorB.obj
  artifactKey: Guid(4206e99e47ae9ad418192c5c827b107a) Importer(815301076,1909f56bfc062723c751e8b465ee728b)
Start importing Assets/Scenes/Training Ground/kenney_city-kit-commercial/Models/OBJ format/wall_doorB.obj using Guid(4206e99e47ae9ad418192c5c827b107a) Importer(815301076,1909f56bfc062723c751e8b465ee728b)  -> (artifact id: 'cf0bcb75618b321a324425316c7b2674') in 0.079773 seconds
Number of updated asset objects reloaded before import = 0
Number of asset objects unloaded after import = 13
========================================================================
Received Import Request.
  Time since last request: 0.000032 seconds.
  path: Assets/Scenes/Training Ground/kenney_city-kit-commercial/Models/DAE format/wall_doorB.dae
  artifactKey: Guid(d5afad51f1ae965438d89e4d3aa31622) Importer(815301076,1909f56bfc062723c751e8b465ee728b)
Start importing Assets/Scenes/Training Ground/kenney_city-kit-commercial/Models/DAE format/wall_doorB.dae using Guid(d5afad51f1ae965438d89e4d3aa31622) Importer(815301076,1909f56bfc062723c751e8b465ee728b)  -> (artifact id: '5361acaf5479eeaddc3ffad1356cc8a2') in 0.067115 seconds
Number of updated asset objects reloaded before import = 0
Number of asset objects unloaded after import = 11
========================================================================
Received Import Request.
  Time since last request: 0.000040 seconds.
  path: Assets/Scenes/Training Ground/kenney_city-kit-commercial/Models/OBJ format/small_buildingF.obj
  artifactKey: Guid(3d2d7507593c14840afdb137f5ff89b4) Importer(815301076,1909f56bfc062723c751e8b465ee728b)
Start importing Assets/Scenes/Training Ground/kenney_city-kit-commercial/Models/OBJ format/small_buildingF.obj using Guid(3d2d7507593c14840afdb137f5ff89b4) Importer(815301076,1909f56bfc062723c751e8b465ee728b)  -> (artifact id: '17df36a674251c4d5b457339cbc9e2a0') in 0.071069 seconds
Number of updated asset objects reloaded before import = 0
Number of asset objects unloaded after import = 13
========================================================================
Received Import Request.
  Time since last request: 0.000054 seconds.
  path: Assets/Scenes/Training Ground/kenney_city-kit-commercial/Models/DAE format/small_buildingD.dae
  artifactKey: Guid(677dfd76a0dc77e45ac23380589f70d1) Importer(815301076,1909f56bfc062723c751e8b465ee728b)
Start importing Assets/Scenes/Training Ground/kenney_city-kit-commercial/Models/DAE format/small_buildingD.dae using Guid(677dfd76a0dc77e45ac23380589f70d1) Importer(815301076,1909f56bfc062723c751e8b465ee728b)  -> (artifact id: '708baa26c1aca1b1a05a194ca225ffd7') in 0.072944 seconds
Number of updated asset objects reloaded before import = 0
Number of asset objects unloaded after import = 12
========================================================================
Received Import Request.
  Time since last request: 0.231619 seconds.
  path: Assets/Scenes/Training Ground/kenney_city-kit-commercial/Models/OBJ format/detail_awningWide.obj
  artifactKey: Guid(31b934329fa4e494f9c65a15346e2559) Importer(815301076,1909f56bfc062723c751e8b465ee728b)
Start importing Assets/Scenes/Training Ground/kenney_city-kit-commercial/Models/OBJ format/detail_awningWide.obj using Guid(31b934329fa4e494f9c65a15346e2559) Importer(815301076,1909f56bfc062723c751e8b465ee728b)  -> (artifact id: '605555b344e3cc5cf3260b14f2e099a8') in 0.067005 seconds
Number of updated asset objects reloaded before import = 0
Number of asset objects unloaded after import = 12
========================================================================
Received Import Request.
  Time since last request: 0.000036 seconds.
  path: Assets/Scenes/Training Ground/kenney_city-kit-commercial/Models/OBJ format/sign_billboard.obj
  artifactKey: Guid(2836f641de4736042a7b2b1fe6fa6d3b) Importer(815301076,1909f56bfc062723c751e8b465ee728b)
Start importing Assets/Scenes/Training Ground/kenney_city-kit-commercial/Models/OBJ format/sign_billboard.obj using Guid(2836f641de4736042a7b2b1fe6fa6d3b) Importer(815301076,1909f56bfc062723c751e8b465ee728b)  -> (artifact id: '4aa499e00e714ed854688d1486e65940') in 0.066066 seconds
Number of updated asset objects reloaded before import = 0
Number of asset objects unloaded after import = 12
========================================================================
Received Import Request.
  Time since last request: 0.000041 seconds.
  path: Assets/Scenes/Training Ground/kenney_city-kit-commercial/Models/OBJ format/detail_overhang.obj
  artifactKey: Guid(18c7206b68defb946a9ae53f5f49b49e) Importer(815301076,1909f56bfc062723c751e8b465ee728b)
Start importing Assets/Scenes/Training Ground/kenney_city-kit-commercial/Models/OBJ format/detail_overhang.obj using Guid(18c7206b68defb946a9ae53f5f49b49e) Importer(815301076,1909f56bfc062723c751e8b465ee728b)  -> (artifact id: '0de7010608a81e0ebfcbcb1f1b3f95e9') in 0.072732 seconds
Number of updated asset objects reloaded before import = 0
Number of asset objects unloaded after import = 11
========================================================================
Received Import Request.
  Time since last request: 0.000025 seconds.
  path: Assets/Scenes/Training Ground/kenney_city-kit-commercial/Models/OBJ format/low_buildingB.obj
  artifactKey: Guid(2f5688d8e20866644ac7c366003cb751) Importer(815301076,1909f56bfc062723c751e8b465ee728b)
Start importing Assets/Scenes/Training Ground/kenney_city-kit-commercial/Models/OBJ format/low_buildingB.obj using Guid(2f5688d8e20866644ac7c366003cb751) Importer(815301076,1909f56bfc062723c751e8b465ee728b)  -> (artifact id: 'a215187b1fb7cb8e89a485caf73e33e2') in 0.055788 seconds
Number of updated asset objects reloaded before import = 0
Number of asset objects unloaded after import = 11
========================================================================
Received Import Request.
  Time since last request: 0.000029 seconds.
  path: Assets/Scenes/Training Ground/kenney_city-kit-commercial/Models/OBJ format/low_buildingG.obj
  artifactKey: Guid(5382585206b58b542894481fb95119e0) Importer(815301076,1909f56bfc062723c751e8b465ee728b)
Start importing Assets/Scenes/Training Ground/kenney_city-kit-commercial/Models/OBJ format/low_buildingG.obj using Guid(5382585206b58b542894481fb95119e0) Importer(815301076,1909f56bfc062723c751e8b465ee728b)  -> (artifact id: 'f2fbfb153af0a56f2ceeb7fb78f121a1') in 0.057049 seconds
Number of updated asset objects reloaded before import = 0
Number of asset objects unloaded after import = 11
========================================================================
Received Import Request.
  Time since last request: 0.000031 seconds.
  path: Assets/Scenes/Training Ground/kenney_city-kit-commercial/Models/OBJ format/low_wideB.obj
  artifactKey: Guid(504f27514e4e4db4a98ab88a314ef653) Importer(815301076,1909f56bfc062723c751e8b465ee728b)
Start importing Assets/Scenes/Training Ground/kenney_city-kit-commercial/Models/OBJ format/low_wideB.obj using Guid(504f27514e4e4db4a98ab88a314ef653) Importer(815301076,1909f56bfc062723c751e8b465ee728b)  -> (artifact id: '81ea19de5ef2ebb1594b5b2150668ee1') in 0.053885 seconds
Number of updated asset objects reloaded before import = 0
Number of asset objects unloaded after import = 11
========================================================================
Received Import Request.
  Time since last request: 0.000029 seconds.
  path: Assets/Scenes/Training Ground/kenney_city-kit-commercial/Models/OBJ format/low_buildingC.obj
  artifactKey: Guid(91a0a0f0c999a78418519ef715923945) Importer(815301076,1909f56bfc062723c751e8b465ee728b)
Start importing Assets/Scenes/Training Ground/kenney_city-kit-commercial/Models/OBJ format/low_buildingC.obj using Guid(91a0a0f0c999a78418519ef715923945) Importer(815301076,1909f56bfc062723c751e8b465ee728b)  -> (artifact id: '8c9168939f275685656506b452fe7ff3') in 0.058111 seconds
Number of updated asset objects reloaded before import = 0
Number of asset objects unloaded after import = 11
========================================================================
Received Import Request.
  Time since last request: 0.000062 seconds.
  path: Assets/Scenes/Training Ground/kenney_city-kit-commercial/Models/OBJ format/roof_corner.obj
  artifactKey: Guid(a2a0a474abc904a47ad45c9ae051dd12) Importer(815301076,1909f56bfc062723c751e8b465ee728b)
Start importing Assets/Scenes/Training Ground/kenney_city-kit-commercial/Models/OBJ format/roof_corner.obj using Guid(a2a0a474abc904a47ad45c9ae051dd12) Importer(815301076,1909f56bfc062723c751e8b465ee728b)  -> (artifact id: 'c747c04bfb4336d55f3b27fd499913b9') in 0.058712 seconds
Number of updated asset objects reloaded before import = 0
Number of asset objects unloaded after import = 11
========================================================================
Received Import Request.
  Time since last request: 0.000030 seconds.
  path: Assets/Scenes/Training Ground/kenney_city-kit-commercial/Models/OBJ format/wall_solid.obj
  artifactKey: Guid(65bf8f8927e201946a5870af09611dcb) Importer(815301076,1909f56bfc062723c751e8b465ee728b)
Start importing Assets/Scenes/Training Ground/kenney_city-kit-commercial/Models/OBJ format/wall_solid.obj using Guid(65bf8f8927e201946a5870af09611dcb) Importer(815301076,1909f56bfc062723c751e8b465ee728b)  -> (artifact id: 'c0dbf05c796b2006d2b4fe95f1c06edd') in 0.056774 seconds
Number of updated asset objects reloaded before import = 0
Number of asset objects unloaded after import = 11
========================================================================
Received Import Request.
  Time since last request: 0.000032 seconds.
  path: Assets/Scenes/Training Ground/kenney_city-kit-commercial/Models/OBJ format/detail_awning.obj
  artifactKey: Guid(db4471f497a9999499165a9a583b0c54) Importer(815301076,1909f56bfc062723c751e8b465ee728b)
Start importing Assets/Scenes/Training Ground/kenney_city-kit-commercial/Models/OBJ format/detail_awning.obj using Guid(db4471f497a9999499165a9a583b0c54) Importer(815301076,1909f56bfc062723c751e8b465ee728b)  -> (artifact id: '322e609432626b3d76755cd65d143c74') in 0.076663 seconds
Number of updated asset objects reloaded before import = 0
Number of asset objects unloaded after import = 12
========================================================================
Received Import Request.
  Time since last request: 0.000034 seconds.
  path: Assets/Scenes/Training Ground/kenney_city-kit-commercial/Models/OBJ format/low_buildingD.obj
  artifactKey: Guid(45ef67633563c714ebb4d3cbab9ce861) Importer(815301076,1909f56bfc062723c751e8b465ee728b)
Start importing Assets/Scenes/Training Ground/kenney_city-kit-commercial/Models/OBJ format/low_buildingD.obj using Guid(45ef67633563c714ebb4d3cbab9ce861) Importer(815301076,1909f56bfc062723c751e8b465ee728b)  -> (artifact id: '142fcee0d6ee3240843312c33e641b17') in 0.050509 seconds
Number of updated asset objects reloaded before import = 0
Number of asset objects unloaded after import = 11
========================================================================
Received Import Request.
  Time since last request: 0.000039 seconds.
  path: Assets/Scenes/Training Ground/kenney_city-kit-commercial/Models/OBJ format/large_buildingD.obj
  artifactKey: Guid(0078792cc6df7c44785c64dc0399f5e2) Importer(815301076,1909f56bfc062723c751e8b465ee728b)
Start importing Assets/Scenes/Training Ground/kenney_city-kit-commercial/Models/OBJ format/large_buildingD.obj using Guid(0078792cc6df7c44785c64dc0399f5e2) Importer(815301076,1909f56bfc062723c751e8b465ee728b)  -> (artifact id: '310962e755c33f0f5808acc04e50e719') in 0.088904 seconds
Number of updated asset objects reloaded before import = 0
Number of asset objects unloaded after import = 14
========================================================================
Received Import Request.
  Time since last request: 0.000031 seconds.
  path: Assets/Scenes/Training Ground/kenney_city-kit-commercial/Models/OBJ format/skyscraperA.obj
  artifactKey: Guid(57423ea0e1fabc14b926be0f46d41c3e) Importer(815301076,1909f56bfc062723c751e8b465ee728b)
Start importing Assets/Scenes/Training Ground/kenney_city-kit-commercial/Models/OBJ format/skyscraperA.obj using Guid(57423ea0e1fabc14b926be0f46d41c3e) Importer(815301076,1909f56bfc062723c751e8b465ee728b)  -> (artifact id: '7891b12eb10c6834c9238a5a719a8916') in 0.092711 seconds
Number of updated asset objects reloaded before import = 0
Number of asset objects unloaded after import = 14
========================================================================
Received Import Request.
  Time since last request: 0.000027 seconds.
  path: Assets/Scenes/Training Ground/kenney_city-kit-commercial/Models/OBJ format/low_buildingH.obj
  artifactKey: Guid(c4556c312387b9b4089302de63c96b1a) Importer(815301076,1909f56bfc062723c751e8b465ee728b)
Start importing Assets/Scenes/Training Ground/kenney_city-kit-commercial/Models/OBJ format/low_buildingH.obj using Guid(c4556c312387b9b4089302de63c96b1a) Importer(815301076,1909f56bfc062723c751e8b465ee728b)  -> (artifact id: '81ec3ed7c34260a2fdbaa09ab85437e8') in 0.050691 seconds
Number of updated asset objects reloaded before import = 0
Number of asset objects unloaded after import = 11
========================================================================
Received Import Request.
  Time since last request: 1.572555 seconds.
  path: Assets/Scenes/Training Ground/kenney_city-kit-commercial/Models/OBJ format/large_buildingA.obj
  artifactKey: Guid(e244f52c9b4080d4e8d8223ade922274) Importer(815301076,1909f56bfc062723c751e8b465ee728b)
Start importing Assets/Scenes/Training Ground/kenney_city-kit-commercial/Models/OBJ format/large_buildingA.obj using Guid(e244f52c9b4080d4e8d8223ade922274) Importer(815301076,1909f56bfc062723c751e8b465ee728b)  -> (artifact id: '10de3c949f00f667e8d9ab896aacb2dc') in 0.078539 seconds
Number of updated asset objects reloaded before import = 0
Number of asset objects unloaded after import = 13
========================================================================
Received Import Request.
  Time since last request: 0.011175 seconds.
  path: Assets/Scenes/Training Ground/kenney_city-kit-commercial/Models/OBJ format/low_buildingK.obj
  artifactKey: Guid(935a7761a3093f745b30b4f8319d8381) Importer(815301076,1909f56bfc062723c751e8b465ee728b)
Start importing Assets/Scenes/Training Ground/kenney_city-kit-commercial/Models/OBJ format/low_buildingK.obj using Guid(935a7761a3093f745b30b4f8319d8381) Importer(815301076,1909f56bfc062723c751e8b465ee728b)  -> (artifact id: '5e645ce0c9fed574dafe87391664e5f0') in 0.055348 seconds
Number of updated asset objects reloaded before import = 0
Number of asset objects unloaded after import = 11
========================================================================
Received Prepare
Begin MonoManager ReloadAssembly
Symbol file LoadedFromMemory is not a mono symbol file
- Loaded All Assemblies, in  0.539 seconds
Refreshing native plugins compatible for Editor in 3.61 ms, found 3 plugins.
Native extension for WindowsStandalone target not found
Native extension for iOS target not found
Native extension for Android target not found
Native extension for WebGL target not found
[Package Manager] Server::EnsureServerProcessIsRunning -- launch failed, reason: Unity was launched with the -noUpm command-line argument
[Package Manager] UpmClient::Send -- Unable to send message (not connected to UPM process).
[Package Manager] Cannot connect to Unity Package Manager local server
Mono: successfully reloaded assembly
- Finished resetting the current domain, in  1.350 seconds
Domain Reload Profiling: 1888ms
	BeginReloadAssembly (197ms)
		ExecutionOrderSort (0ms)
		DisableScriptedObjects (8ms)
		BackupInstance (0ms)
		ReleaseScriptingObjects (0ms)
		CreateAndSetChildDomain (59ms)
	RebuildCommonClasses (37ms)
	RebuildNativeTypeToScriptingClass (16ms)
	initialDomainReloadingComplete (29ms)
	LoadAllAssembliesAndSetupDomain (258ms)
		LoadAssemblies (333ms)
		RebuildTransferFunctionScriptingTraits (0ms)
		AnalyzeDomain (15ms)
			TypeCache.Refresh (8ms)
				TypeCache.ScanAssembly (0ms)
			ScanForSourceGeneratedMonoScriptInfo (0ms)
			ResolveRequiredComponents (6ms)
	FinalizeReload (1350ms)
		ReleaseScriptCaches (0ms)
		RebuildScriptCaches (0ms)
		SetupLoadedEditorAssemblies (732ms)
			LogAssemblyErrors (0ms)
			InitializePlatformSupportModulesInManaged (33ms)
			SetLoadedEditorAssemblies (5ms)
			RefreshPlugins (0ms)
			BeforeProcessingInitializeOnLoad (86ms)
			ProcessInitializeOnLoadAttributes (573ms)
			ProcessInitializeOnLoadMethodAttributes (33ms)
			AfterProcessingInitializeOnLoad (2ms)
			EditorAssembliesLoaded (0ms)
		ExecutionOrderSort2 (0ms)
		AwakeInstancesAfterBackupRestoration (13ms)
Refreshing native plugins compatible for Editor in 4.03 ms, found 3 plugins.
Preloading 0 native plugins for Editor in 0.00 ms.
Unloading 5112 Unused Serialized files (Serialized files now loaded: 0)
Unloading 130 unused Assets / (8.3 MB). Loaded Objects now: 5640.
Memory consumption went from 287.1 MB to 278.8 MB.
Total: 8.233300 ms (FindLiveObjects: 0.561800 ms CreateObjectMapping: 0.294200 ms MarkObjects: 3.932800 ms  DeleteObjects: 3.443100 ms)

Prepare: number of updated asset objects reloaded= 0
AssetImportParameters requested are different than current active one (requested -> active):
  custom:container-demuxer-ogg: 62fdf1f143b41e24485cea50d1cbac27 -> 
  custom:video-decoder-ogg-theora: a1e56fd34408186e4bbccfd4996cb3dc -> 
  custom:framework-win-MediaFoundation: 216162199b28c13a410421893ffa2e32 -> 
  custom:CustomObjectIndexerAttribute: 756ad292c208cfabdd7b50bc23989ffe -> 
  custom:container-demuxer-webm: 4f35f7cbe854078d1ac9338744f61a02 -> 
  custom:container-muxer-webm: aa71ff27fc2769a1b78a27578f13a17b -> 
  custom:video-decoder-webm-vp8: 9c59270c3fd7afecdb556c50c9e8de78 -> 
  custom:SearchIndexIgnoredProperties: e643bd26f0fe6173181afceb89e7c659 -> 
  custom:AudioImporter_EditorPlatform: d09bf68614088b80899f8185d706f6e7 -> 
  custom:video-encoder-webm-vp8: eb34c28f22e8b96e1ab97ce403110664 -> 
  custom:audio-decoder-ogg-vorbis: bf7c407c2cedff20999df2af8eb42d56 -> 
  custom:audio-encoder-webm-vorbis: bf7c407c2cedff20999df2af8eb42d56 -> 
========================================================================
Received Import Request.
  Time since last request: 1796.384243 seconds.
  path: Assets/Scenes/Training Ground/home/privacy-fence-pack-with-damaged-sections/source/PrivacyFencePack/Materials/Example_Texture_2_Emissive.mat
  artifactKey: Guid(331b1ff984dd6834695aec21137bdbb0) Importer(815301076,1909f56bfc062723c751e8b465ee728b)
Start importing Assets/Scenes/Training Ground/home/privacy-fence-pack-with-damaged-sections/source/PrivacyFencePack/Materials/Example_Texture_2_Emissive.mat using Guid(331b1ff984dd6834695aec21137bdbb0) Importer(815301076,1909f56bfc062723c751e8b465ee728b)  -> (artifact id: '390e45a4958502fd8ed3898fdfc21eee') in 0.113150 seconds
Number of updated asset objects reloaded before import = 0
Number of asset objects unloaded after import = 2
========================================================================
Received Import Request.
  Time since last request: 0.000020 seconds.
  path: Assets/Scenes/Training Ground/home/privacy-fence-pack-with-damaged-sections/source/PrivacyFencePack/Materials/Fence_17_Door_Fence_17_Door_map_OcclusionRoughMet.mat
  artifactKey: Guid(3bd172b3d444a324d93057e98eff76b2) Importer(815301076,1909f56bfc062723c751e8b465ee728b)
Start importing Assets/Scenes/Training Ground/home/privacy-fence-pack-with-damaged-sections/source/PrivacyFencePack/Materials/Fence_17_Door_Fence_17_Door_map_OcclusionRoughMet.mat using Guid(3bd172b3d444a324d93057e98eff76b2) Importer(815301076,1909f56bfc062723c751e8b465ee728b)  -> (artifact id: '35645545d4a08357869a611693bc299c') in 0.027158 seconds
Number of updated asset objects reloaded before import = 0
Number of asset objects unloaded after import = 2
========================================================================
Received Import Request.
  Time since last request: 0.000182 seconds.
  path: Assets/Scenes/Training Ground/home/privacy-fence-pack-with-damaged-sections/source/PrivacyFencePack/Materials/Fence_17_DE_Fence_17_DE_map_Diffuse.mat
  artifactKey: Guid(14ea4d0d1ee157141819911aa38c9300) Importer(815301076,1909f56bfc062723c751e8b465ee728b)
Start importing Assets/Scenes/Training Ground/home/privacy-fence-pack-with-damaged-sections/source/PrivacyFencePack/Materials/Fence_17_DE_Fence_17_DE_map_Diffuse.mat using Guid(14ea4d0d1ee157141819911aa38c9300) Importer(815301076,1909f56bfc062723c751e8b465ee728b)  -> (artifact id: '30bc8fa75d797c7af668f98c38e04c54') in 0.016604 seconds
Number of updated asset objects reloaded before import = 0
Number of asset objects unloaded after import = 2
Editor requested this worker to shutdown with reason: Scaling down because of idle timeout
TcpMessagingSession - receive error: operation aborted. errorcode: 995, details: The I/O operation has been aborted because of either a thread exit or an application request.
AssetImportWorker is now disconnected from the server
Process exiting
Exiting without the bug reporter. Application will terminate with return code 0